<?xml version="1.0" encoding="utf-8" standalone="no"?>
<!--This file represents the results of running a test suite-->
<test-results name="C:\Users\Cody-Ray\Desktop\SeleniumTests\SeleniumTests\bin\Debug\SeleniumTests.dll" total="5" errors="0" failures="0" not-run="0" inconclusive="0" ignored="0" skipped="0" invalid="0" date="2016-04-07" time="11:01:11">
  <environment nunit-version="2.6.4.14350" clr-version="2.0.50727.8009" os-version="Microsoft Windows NT 6.2.9200.0" platform="Win32NT" cwd="C:\Program Files (x86)\NUnit 2.6.4\bin" machine-name="CODY" user="Cody-Ray" user-domain="Cody" />
  <culture-info current-culture="en-CA" current-uiculture="en-US" />
  <test-suite type="Assembly" name="C:\Users\Cody-Ray\Desktop\SeleniumTests\SeleniumTests\bin\Debug\SeleniumTests.dll" executed="True" result="Success" success="True" time="26.753" asserts="0">
    <results>
      <test-suite type="Namespace" name="SeleniumTests" executed="True" result="Success" success="True" time="26.747" asserts="0">
        <results>
          <test-suite type="TestFixture" name="EmailTest" executed="True" result="Success" success="True" time="6.123" asserts="0">
            <results>
              <test-case name="SeleniumTests.EmailTest.TheEmailTest" executed="True" result="Success" success="True" time="6.119" asserts="1" />
            </results>
          </test-suite>
          <test-suite type="TestFixture" name="InvalidForm" executed="True" result="Success" success="True" time="4.310" asserts="0">
            <results>
              <test-case name="SeleniumTests.InvalidForm.TheInvalidFormTest" executed="True" result="Success" success="True" time="4.309" asserts="2" />
            </results>
          </test-suite>
          <test-suite type="TestFixture" name="LinkTest" executed="True" result="Success" success="True" time="7.323" asserts="0">
            <results>
              <test-case name="SeleniumTests.LinkTest.TheLinkTest" executed="True" result="Success" success="True" time="7.322" asserts="1" />
            </results>
          </test-suite>
          <test-suite type="TestFixture" name="Phone1" executed="True" result="Success" success="True" time="4.528" asserts="0">
            <results>
              <test-case name="SeleniumTests.Phone1.ThePhone1Test" executed="True" result="Success" success="True" time="4.527" asserts="1" />
            </results>
          </test-suite>
          <test-suite type="TestFixture" name="PhoneTest2" executed="True" result="Success" success="True" time="4.453" asserts="0">
            <results>
              <test-case name="SeleniumTests.PhoneTest2.ThePhoneTest2Test" executed="True" result="Success" success="True" time="4.453" asserts="1" />
            </results>
          </test-suite>
        </results>
      </test-suite>
    </results>
  </test-suite>
</test-results>